0 info it worked if it ends with ok
1 verbose cli [ '/home/bolajisalau/.nvm/versions/node/v6.5.0/bin/node',
1 verbose cli   '/home/bolajisalau/.nvm/versions/node/v6.5.0/bin/npm',
1 verbose cli   'run',
1 verbose cli   'test' ]
2 info using npm@3.10.3
3 info using node@v6.5.0
4 verbose run-script [ 'pretest', 'test', 'posttest' ]
5 info lifecycle summary-statistics@1.0.0~pretest: summary-statistics@1.0.0
6 silly lifecycle summary-statistics@1.0.0~pretest: no script for pretest, continuing
7 info lifecycle summary-statistics@1.0.0~test: summary-statistics@1.0.0
8 verbose lifecycle summary-statistics@1.0.0~test: unsafe-perm in lifecycle true
9 verbose lifecycle summary-statistics@1.0.0~test: PATH: /home/bolajisalau/.nvm/versions/node/v6.5.0/lib/node_modules/npm/bin/node-gyp-bin:/home/bolajisalau/Desktop/summary-statistics/node_modules/.bin:/home/bolajisalau/.nvm/versions/node/v6.5.0/bin:/home/bolajisalau/.nvm/versions/node/v6.5.0/bin:/usr/local/sbin:/usr/local/bin:/usr/sbin:/usr/bin:/sbin:/bin:/usr/games:/usr/local/games:/snap/bin:/usr/lib/jvm/java-11-oracle/bin:/usr/lib/jvm/java-11-oracle/db/bin:/usr/lib/jvm/java-11-oracle/bin:/usr/lib/jvm/java-11-oracle/db/bin
10 verbose lifecycle summary-statistics@1.0.0~test: CWD: /home/bolajisalau/Desktop/summary-statistics
11 silly lifecycle summary-statistics@1.0.0~test: Args: [ '-c', 'env-cmd -f ./config/test.env jest --watchAll' ]
12 silly lifecycle summary-statistics@1.0.0~test: Returned: code: 1  signal: null
13 info lifecycle summary-statistics@1.0.0~test: Failed to exec test script
14 verbose stack Error: summary-statistics@1.0.0 test: `env-cmd -f ./config/test.env jest --watchAll`
14 verbose stack Exit status 1
14 verbose stack     at EventEmitter.<anonymous> (/home/bolajisalau/.nvm/versions/node/v6.5.0/lib/node_modules/npm/lib/utils/lifecycle.js:242:16)
14 verbose stack     at emitTwo (events.js:106:13)
14 verbose stack     at EventEmitter.emit (events.js:191:7)
14 verbose stack     at ChildProcess.<anonymous> (/home/bolajisalau/.nvm/versions/node/v6.5.0/lib/node_modules/npm/lib/utils/spawn.js:40:14)
14 verbose stack     at emitTwo (events.js:106:13)
14 verbose stack     at ChildProcess.emit (events.js:191:7)
14 verbose stack     at maybeClose (internal/child_process.js:877:16)
14 verbose stack     at Process.ChildProcess._handle.onexit (internal/child_process.js:226:5)
15 verbose pkgid summary-statistics@1.0.0
16 verbose cwd /home/bolajisalau/Desktop/summary-statistics
17 error Linux 5.4.0-120-generic
18 error argv "/home/bolajisalau/.nvm/versions/node/v6.5.0/bin/node" "/home/bolajisalau/.nvm/versions/node/v6.5.0/bin/npm" "run" "test"
19 error node v6.5.0
20 error npm  v3.10.3
21 error code ELIFECYCLE
22 error summary-statistics@1.0.0 test: `env-cmd -f ./config/test.env jest --watchAll`
22 error Exit status 1
23 error Failed at the summary-statistics@1.0.0 test script 'env-cmd -f ./config/test.env jest --watchAll'.
23 error Make sure you have the latest version of node.js and npm installed.
23 error If you do, this is most likely a problem with the summary-statistics package,
23 error not with npm itself.
23 error Tell the author that this fails on your system:
23 error     env-cmd -f ./config/test.env jest --watchAll
23 error You can get information on how to open an issue for this project with:
23 error     npm bugs summary-statistics
23 error Or if that isn't available, you can get their info via:
23 error     npm owner ls summary-statistics
23 error There is likely additional logging output above.
24 verbose exit [ 1, true ]
